\BOOKMARK [1][-]{Section.0.Introduction.1}{Introduction}{}% 1
\BOOKMARK [2][-]{Subsection.1.0.Background.2}{Background}{Section.0.Introduction.1}% 2
\BOOKMARK [2][-]{Subsection.1.1.Overall objectives.2}{Overall objectives}{Section.0.Introduction.1}% 3
\BOOKMARK [1][-]{Section.1.Example data.1}{Example data}{}% 4
\BOOKMARK [2][-]{Subsection.2.0.Simulated data.2}{Simulated data}{Section.1.Example data.1}% 5
\BOOKMARK [2][-]{Subsection.2.1.Real data.2}{Real data}{Section.1.Example data.1}% 6
\BOOKMARK [1][-]{Section.2.Example I.1}{Example I}{}% 7
\BOOKMARK [2][-]{Subsection.3.0.Goals.2}{Goals}{Section.2.Example I.1}% 8
\BOOKMARK [2][-]{Subsection.3.1.Analysis with R-INLA.2}{Analysis with R-INLA}{Section.2.Example I.1}% 9
\BOOKMARK [2][-]{Subsection.3.2.Analysis with JAGS.2}{Analysis with JAGS}{Section.2.Example I.1}% 10
\BOOKMARK [2][-]{Subsection.3.3.Analysis with unmarked.2}{Analysis with unmarked}{Section.2.Example I.1}% 11
\BOOKMARK [2][-]{Subsection.3.4.Example I summary.2}{Example I summary}{Section.2.Example I.1}% 12
\BOOKMARK [1][-]{Section.3.Example II.1}{Example II}{}% 13
\BOOKMARK [2][-]{Subsection.4.0.Goals.2}{Goals}{Section.3.Example II.1}% 14
\BOOKMARK [2][-]{Subsection.4.1.Analysis with JAGS.2}{Analysis with JAGS}{Section.3.Example II.1}% 15
\BOOKMARK [2][-]{Subsection.4.2.Example II summary.2}{Example II summary}{Section.3.Example II.1}% 16
\BOOKMARK [1][-]{Section.4.Example III.1}{Example III}{}% 17
\BOOKMARK [2][-]{Subsection.5.0.Goals.2}{Goals}{Section.4.Example III.1}% 18
\BOOKMARK [2][-]{Subsection.5.1.Analysis with R-INLA.2}{Analysis with R-INLA}{Section.4.Example III.1}% 19
\BOOKMARK [2][-]{Subsection.5.2.Analysis with unmarked.2}{Analysis with unmarked}{Section.4.Example III.1}% 20
\BOOKMARK [2][-]{Subsection.5.3.Example III summary.2}{Example III summary}{Section.4.Example III.1}% 21
\BOOKMARK [1][-]{Section.5.Discussion.1}{Discussion}{}% 22
\BOOKMARK [1][-]{Section..Recursive computations of the 'nmix' likelihood.1}{Recursive computations of the 'nmix' likelihood}{}% 23
\BOOKMARK [1][-]{Section.A.Posterior probability for $n$.1}{Posterior probability for n}{}% 24
